Modules\Wpbox\Models\Message Object
(
    [connection:protected] => mysql
    [table:protected] => messages
    [primaryKey:protected] => id
    [keyType:protected] => int
    [incrementing] => 1
    [with:protected] => Array
        (
        )

    [withCount:protected] => Array
        (
        )

    [preventsLazyLoading] => 
    [perPage:protected] => 15
    [exists] => 1
    [wasRecentlyCreated] => 
    [escapeWhenCastingToString:protected] => 
    [attributes:protected] => Array
        (
            [id] => 1950
            [fb_message_id] => wamid.HBgNNTIxMjI5Mjg4MDg4NhUCABIYIDVCMzlBMTFGNUYwRjg5Mjg5NEI4NEZCODVDRDIxNjAxAA==
            [contact_id] => 172
            [company_id] => 1
            [header_text] => 
            [footer_text] => 
            [header_image] => 
            [header_video] => 
            [header_location] => 
            [header_document] => 
            [buttons] => []
            [value] => Gggh
            [error] => 
            [is_campign_messages] => 0
            [is_message_by_contact] => 1
            [message_type] => 1
            [status] => 1
            [created_at] => 2024-07-14 10:45:42
            [updated_at] => 2024-07-14 10:45:42
            [scchuduled_at] => 
            [components] => 
            [campaign_id] => 
            [header_audio] => 
            [bot_has_replied] => 0
            [ai_bot_has_replied] => 0
        )

    [original:protected] => Array
        (
            [id] => 1950
            [fb_message_id] => wamid.HBgNNTIxMjI5Mjg4MDg4NhUCABIYIDVCMzlBMTFGNUYwRjg5Mjg5NEI4NEZCODVDRDIxNjAxAA==
            [contact_id] => 172
            [company_id] => 1
            [header_text] => 
            [footer_text] => 
            [header_image] => 
            [header_video] => 
            [header_location] => 
            [header_document] => 
            [buttons] => []
            [value] => Gggh
            [error] => 
            [is_campign_messages] => 0
            [is_message_by_contact] => 1
            [message_type] => 1
            [status] => 1
            [created_at] => 2024-07-14 10:45:42
            [updated_at] => 2024-07-14 10:45:42
            [scchuduled_at] => 
            [components] => 
            [campaign_id] => 
            [header_audio] => 
            [bot_has_replied] => 0
            [ai_bot_has_replied] => 0
        )

    [changes:protected] => Array
        (
        )

    [casts:protected] => Array
        (
        )

    [classCastCache:protected] => Array
        (
        )

    [attributeCastCache:protected] => Array
        (
        )

    [dateFormat:protected] => 
    [appends:protected] => Array
        (
        )

    [dispatchesEvents:protected] => Array
        (
        )

    [observables:protected] => Array
        (
        )

    [relations:protected] => Array
        (
        )

    [touches:protected] => Array
        (
        )

    [timestamps] => 1
    [usesUniqueIds] => 
    [hidden:protected] => Array
        (
        )

    [visible:protected] => Array
        (
        )

    [fillable:protected] => Array
        (
        )

    [guarded] => Array
        (
        )

)
