Array
(
    [messaging_product] => whatsapp
    [recipient_type] => individual
    [to] => 5212291686944
    [type] => text
    [text] => Array
        (
            [body] => Han mandado un Mensaje que no contest贸 el Bot (ANTONIO LEAL) 
            [preview_url] => 1
        )

)
Array
(
    [messaging_product] => whatsapp
    [recipient_type] => individual
    [to] => 5212292880886
    [type] => text
    [text] => Array
        (
            [body] => Si tu documento faltante es el Acta de Nacimiento otra opci贸n es que nos la puede entregar en PDF , *siempre y cuando se descargue de internet* https://www.gob.mx/ActaNacimiento/ . Esa si la aceptamos en PDF y la puede mandar por este medio o por correo dae.veracruz@uvmnet.edu

Si es tu certificado de estudios totales y tiene QR tambi茅n lo aceptamos como original.

SI no tienen esas caracter铆sticas se requiere de manera obligatoria en *ORIGINAL*
            [preview_url] => 1
        )

)
Array
(
    [messaging_product] => whatsapp
    [recipient_type] => individual
    [to] => 5212292880886
    [type] => text
    [text] => Array
        (
            [body] => Si tienes alguna duda por favor m谩ndanos un correo 锔 a :

*Direcci贸n de Administraci贸n Escolar*
dae.veracruz@uvmnet.edu
            [preview_url] => 1
        )

)
Array
(
    [messaging_product] => whatsapp
    [recipient_type] => individual
    [to] => 5212292880886
    [type] => text
    [text] => Array
        (
            [body] => Si tienes alguna duda por favor m谩ndanos un correo 锔 a :

*Direcci贸n de Administraci贸n Escolar*
dae.veracruz@uvmnet.edu
            [preview_url] => 1
        )

)
Array
(
    [messaging_product] => whatsapp
    [recipient_type] => individual
    [to] => 5212291686944
    [type] => text
    [text] => Array
        (
            [body] => 
            [preview_url] => 1
        )

)
Array
(
    [messaging_product] => whatsapp
    [recipient_type] => individual
    [to] => 5212292880886
    [type] => text
    [text] => Array
        (
            [body] => Generando Men煤
            [preview_url] => 1
        )

)
Array
(
    [messaging_product] => whatsapp
    [recipient_type] => individual
    [to] => 5212292880886
    [type] => text
    [text] => Array
        (
            [body] => Generando Men煤
            [preview_url] => 1
        )

)
Array
(
    [messaging_product] => whatsapp
    [recipient_type] => individual
    [to] => 5212291686944
    [type] => text
    [text] => Array
        (
            [body] => Generando men煤, espere un momento...
            [preview_url] => 1
        )

)
Array
(
    [messaging_product] => whatsapp
    [recipient_type] => individual
    [to] => 5212291686944
    [type] => interactive
    [interactive] => Array
        (
            [type] => button
            [header] => Array
                (
                    [type] => text
                    [text] => INGRESO DE COMBUSTIBLE
                )

            [body] => Array
                (
                    [text] => 1.	Llenar formato de solicitud de ingreso de materiales y herramientas donde describas el tipo de combustible si es di茅sel, gasolina magna o gasolina Premium. 
2.	Factura del combustible.
3.	Si no cuenta con factura de los combustibles no se podr谩 tramitar permisos de combustible.
4.	Documentos de veh铆culo que transporta el combustible, si el veh铆culo ya cuenta con un permiso previo en el PIS y la p贸liza vigente, solo enviar el formato de Excel de solicitud de ingreso de veh铆culo
5.	Si el veh铆culo donde se ingresa combustible no tiene registro previo en el PIS debes enviar todos los requisitos para solicitud de ingreso de veh铆culo.
                )

            [footer] => Array
                (
                    [text] => Enviar al correo: torres.mario@icave.com.mx
                )

            [action] => Array
                (
                    [buttons] => Array
                        (
                            [0] => Array
                                (
                                    [type] => reply
                                    [reply] => Array
                                        (
                                            [id] => f6
                                            [title] => FORMATO COMBUSTIBLE
                                        )

                                )

                        )

                )

        )

)
Array
(
    [messaging_product] => whatsapp
    [recipient_type] => individual
    [to] => 5212291686944
    [type] => text
    [text] => Array
        (
            [body] => Generando Men煤
            [preview_url] => 1
        )

)
Array
(
    [messaging_product] => whatsapp
    [recipient_type] => individual
    [to] => 5212291686944
    [type] => text
    [text] => Array
        (
            [body] => Si tienes alguna duda por favor m谩ndanos un correo 锔 a :

*Direcci贸n de Administraci贸n Escolar*
dae.veracruz@uvmnet.edu
            [preview_url] => 1
        )

)
Array
(
    [messaging_product] => whatsapp
    [recipient_type] => individual
    [to] => 5212291686944
    [type] => text
    [text] => Array
        (
            [body] => 
            [preview_url] => 1
        )

)
Array
(
    [messaging_product] => whatsapp
    [recipient_type] => individual
    [to] => 5212291686944
    [type] => text
    [text] => Array
        (
            [body] => Si tienes alguna duda por favor m谩ndanos un correo 锔 a :

*Direcci贸n de Administraci贸n Escolar*
dae.veracruz@uvmnet.edu
            [preview_url] => 1
        )

)
Array
(
    [messaging_product] => whatsapp
    [recipient_type] => individual
    [to] => 5212291686944
    [type] => text
    [text] => Array
        (
            [body] => Estamos ubicados en el edificio J, alado del CAE, arriba de la puerta dice DAE, te esperamos .
            [preview_url] => 1
        )

)
Array
(
    [messaging_product] => whatsapp
    [recipient_type] => individual
    [to] => 5212291686944
    [type] => text
    [text] => Array
        (
            [body] => Estamos para servirle 火
            [preview_url] => 1
        )

)
Array
(
    [messaging_product] => whatsapp
    [recipient_type] => individual
    [to] => 5212291686944
    [type] => text
    [text] => Array
        (
            [body] => Hola, como estas, en qu茅 te puedo apoyar hoy ?拣
            [preview_url] => 1
        )

)
Array
(
    [messaging_product] => whatsapp
    [recipient_type] => individual
    [to] => 5212291686944
    [type] => text
    [text] => Array
        (
            [body] => Hola, como estas, en qu茅 te puedo apoyar hoy ?拣
            [preview_url] => 1
        )

)
Array
(
    [messaging_product] => whatsapp
    [recipient_type] => individual
    [to] => 5212291686944
    [type] => text
    [text] => Array
        (
            [body] => Hola, como estas, en qu茅 te puedo apoyar hoy ?拣
            [preview_url] => 1
        )

)
Array
(
    [messaging_product] => whatsapp
    [recipient_type] => individual
    [to] => 5212292880886
    [type] => text
    [text] => Array
        (
            [body] => Ok
            [preview_url] => 1
        )

)
Array
(
    [messaging_product] => whatsapp
    [recipient_type] => individual
    [to] => 5212291686944
    [type] => text
    [text] => Array
        (
            [body] => Si tu documento faltante es el Acta de Nacimiento otra opci贸n es que nos la puede entregar en PDF , *siempre y cuando se descargue de internet* https://www.gob.mx/ActaNacimiento/ . Esa si la aceptamos en PDF y la puede mandar por este medio o por correo dae.veracruz@uvmnet.edu

Si es tu certificado de estudios totales y tiene QR tambi茅n lo aceptamos como original.

SI no tienen esas caracter铆sticas se requiere de manera obligatoria en *ORIGINAL*
            [preview_url] => 1
        )

)
Array
(
    [messaging_product] => whatsapp
    [recipient_type] => individual
    [to] => 5212282115511
    [type] => text
    [text] => Array
        (
            [body] => Si tienes alguna duda por favor m谩ndanos un correo 锔 a :

*Direcci贸n de Administraci贸n Escolar*
dae.veracruz@uvmnet.edu
            [preview_url] => 1
        )

)
Array
(
    [messaging_product] => whatsapp
    [recipient_type] => individual
    [to] => 5212291607417
    [type] => text
    [text] => Array
        (
            [body] => Estamos en el edificio J, oficinas de la DAE en horario de :
*Lunes a Viernes* de 09:00 a 14:00 y de 16:00 a 19:00 horas
*S谩bados* en horario de 09:00 a  14:00 horas.
            [preview_url] => 1
        )

)
Array
(
    [messaging_product] => whatsapp
    [recipient_type] => individual
    [to] => 5212292649908
    [type] => text
    [text] => Array
        (
            [body] => gracias, si , es que son mensajes masivos de recordatorio,  cada semana le estarian llegando en caso de que no lo tengamos, solo a manera de recordatorio
            [preview_url] => 1
        )

)
Array
(
    [messaging_product] => whatsapp
    [recipient_type] => individual
    [to] => 5212292649908
    [type] => text
    [text] => Array
        (
            [body] => esperamos como acordamos su documento. muchas gracias
            [preview_url] => 1
        )

)
Array
(
    [messaging_product] => whatsapp
    [recipient_type] => individual
    [to] => 5212291348579
    [type] => text
    [text] => Array
        (
            [body] => gracias 
            [preview_url] => 1
        )

)
Array
(
    [messaging_product] => whatsapp
    [recipient_type] => individual
    [to] => 5212282115511
    [type] => text
    [text] => Array
        (
            [body] => tambien por aqui esta  bien, siempre y cuando sea en PDF digital
            [preview_url] => 1
        )

)
Array
(
    [messaging_product] => whatsapp
    [recipient_type] => individual
    [to] => 5212282115511
    [type] => text
    [text] => Array
        (
            [body] => bajado de esta pagina https://www.gob.mx/ActaNacimiento/
            [preview_url] => 1
        )

)
Array
(
    [messaging_product] => whatsapp
    [recipient_type] => individual
    [to] => 5212293637915
    [type] => text
    [text] => Array
        (
            [body] => Estamos en el edificio J, oficinas de la DAE en horario de :
*Lunes a Viernes* de 09:00 a 14:00 y de 16:00 a 19:00 horas
*S谩bados* en horario de 09:00 a  14:00 horas.
            [preview_url] => 1
        )

)
Array
(
    [messaging_product] => whatsapp
    [recipient_type] => individual
    [to] => 5212293637915
    [type] => text
    [text] => Array
        (
            [body] => Si tu documento faltante es el Acta de Nacimiento otra opci贸n es que nos la puede entregar en PDF , *siempre y cuando se descargue de internet* https://www.gob.mx/ActaNacimiento/ . Esa si la aceptamos en PDF y la puede mandar por este medio o por correo dae.veracruz@uvmnet.edu

Si es tu certificado de estudios totales y tiene QR tambi茅n lo aceptamos como original.

SI no tienen esas caracter铆sticas se requiere de manera obligatoria en *ORIGINAL*
            [preview_url] => 1
        )

)
Array
(
    [messaging_product] => whatsapp
    [recipient_type] => individual
    [to] => 5212282115511
    [type] => text
    [text] => Array
        (
            [body] => Muchas gracias, ya estaria completo su expediente, ya no hay problema
            [preview_url] => 1
        )

)
Array
(
    [messaging_product] => whatsapp
    [recipient_type] => individual
    [to] => 5212292649908
    [type] => text
    [text] => Array
        (
            [body] => Para servirle 
            [preview_url] => 1
        )

)
Array
(
    [messaging_product] => whatsapp
    [recipient_type] => individual
    [to] => 5215627405816
    [type] => text
    [text] => Array
        (
            [body] => Estamos en el edificio J, oficinas de la DAE en horario de :
*Lunes a Viernes* de 09:00 a 14:00 y de 16:00 a 19:00 horas
*S谩bados* en horario de 09:00 a  14:00 horas.
            [preview_url] => 1
        )

)
Array
(
    [messaging_product] => whatsapp
    [recipient_type] => individual
    [to] => 5212291686944
    [type] => text
    [text] => Array
        (
            [body] => Si tienes alguna duda por favor m谩ndanos un correo 锔 a :

*Direcci贸n de Administraci贸n Escolar*
dae.veracruz@uvmnet.edu
            [preview_url] => 1
        )

)
Array
(
    [messaging_product] => whatsapp
    [recipient_type] => individual
    [to] => 5212291686944
    [type] => text
    [text] => Array
        (
            [body] => Nuestro tel茅fono 锔 es *229-923-62-90*

Extensi贸n: 

Maria Gabriela ( _Entrega de Documentos, Equivalencia y Titulaci贸n Medicina_ ):*59118*

Guadalupe Rodriguez ( _Entrega de Documentos y Titulaci贸n Odonto_ ):*59245*

Claudia Sanchez (_Coordinaci贸n DAE.- Titulaci贸n UVM_): *59243*
            [preview_url] => 1
        )

)
Array
(
    [messaging_product] => whatsapp
    [recipient_type] => individual
    [to] => 5212294816087
    [type] => text
    [text] => Array
        (
            [body] => Estamos ubicados en el edificio J, alado del CAE, arriba de la puerta dice DAE, te esperamos .
            [preview_url] => 1
        )

)
Array
(
    [messaging_product] => whatsapp
    [recipient_type] => individual
    [to] => 5212291686944
    [type] => document
    [document] => Array
        (
            [link] => https://wp.programador.uno/archivos/FOTOGRAFIA_DIGITAL_CERTIFICADO.pdf
            [filename] => Caracter铆sticas de Foto
        )

)
Array
(
    [messaging_product] => whatsapp
    [recipient_type] => individual
    [to] => 5212291686944
    [type] => document
    [document] => Array
        (
            [link] => https://wp.programador.uno/archivos/FOTOGRAFIA_DIGITAL_CERTIFICADO.pdf
            [filename] => Caracter铆sticas de Foto
        )

)
Array
(
    [messaging_product] => whatsapp
    [recipient_type] => individual
    [to] => 5212291686944
    [type] => document
    [document] => Array
        (
            [link] => https://wp.programador.uno/archivos/FOTOGRAFIA_DIGITAL_CERTIFICADO.pdf
            [filename] => Caracter铆sticas de Foto
        )

)
Array
(
    [messaging_product] => whatsapp
    [recipient_type] => individual
    [to] => 5212291686944
    [type] => text
    [text] => Array
        (
            [body] => Nuestro tel茅fono 锔 es *229-923-62-90*

Extensi贸n: 

Maria Gabriela ( _Entrega de Documentos, Equivalencia y Titulaci贸n Medicina_ ):*59118*

Guadalupe Rodriguez ( _Entrega de Documentos y Titulaci贸n Odonto_ ):*59245*

Claudia Sanchez (_Coordinaci贸n DAE.- Titulaci贸n UVM_): *59243*
            [preview_url] => 1
        )

)
Array
(
    [messaging_product] => whatsapp
    [recipient_type] => individual
    [to] => 5212291686944
    [type] => text
    [text] => Array
        (
            [body] => Si tienes alguna duda por favor m谩ndanos un correo 锔 a :

*Mandar Fotos Certificado MEDICINA*
maria.montes@uvmnet.edu


*Temas Generales Direcci贸n de Administraci贸n Escolar*
dae.veracruz@uvmnet.edu
            [preview_url] => 1
        )

)
Array
(
    [messaging_product] => whatsapp
    [recipient_type] => individual
    [to] => 5212291109639
    [type] => text
    [text] => Array
        (
            [body] => Si tienes alguna duda por favor m谩ndanos un correo 锔 a :

*Mandar Fotos Certificado MEDICINA*
maria.montes@uvmnet.edu


*Temas Generales Direcci贸n de Administraci贸n Escolar*
dae.veracruz@uvmnet.edu
            [preview_url] => 1
        )

)
Array
(
    [messaging_product] => whatsapp
    [recipient_type] => individual
    [to] => 5212291021436
    [type] => document
    [document] => Array
        (
            [link] => https://wp.programador.uno/archivos/FOTOGRAFIA_DIGITAL_CERTIFICADO.pdf
            [filename] => Caracter铆sticas de Foto
        )

)
Array
(
    [messaging_product] => whatsapp
    [recipient_type] => individual
    [to] => 5212292654748
    [type] => document
    [document] => Array
        (
            [link] => https://wp.programador.uno/archivos/FOTOGRAFIA_DIGITAL_CERTIFICADO.pdf
            [filename] => Caracter铆sticas de Foto
        )

)
Array
(
    [messaging_product] => whatsapp
    [recipient_type] => individual
    [to] => 5212292654748
    [type] => text
    [text] => Array
        (
            [body] => Si tienes alguna duda por favor m谩ndanos un correo 锔 a :

*Mandar Fotos Certificado MEDICINA*
maria.montes@uvmnet.edu


*Temas Generales Direcci贸n de Administraci贸n Escolar*
dae.veracruz@uvmnet.edu
            [preview_url] => 1
        )

)
Array
(
    [messaging_product] => whatsapp
    [recipient_type] => individual
    [to] => 5212291520526
    [type] => text
    [text] => Array
        (
            [body] => Estamos para servirle 火
            [preview_url] => 1
        )

)
Array
(
    [messaging_product] => whatsapp
    [recipient_type] => individual
    [to] => 5217821175223
    [type] => document
    [document] => Array
        (
            [link] => https://wp.programador.uno/archivos/FOTOGRAFIA_DIGITAL_CERTIFICADO.pdf
            [filename] => Caracter铆sticas de Foto
        )

)
Array
(
    [messaging_product] => whatsapp
    [recipient_type] => individual
    [to] => 5212292654748
    [type] => text
    [text] => Array
        (
            [body] => Nuestro tel茅fono 锔 es *229-923-62-90*

Extensi贸n: 

Maria Gabriela ( _Entrega de Documentos, Fotografias Certificado UNAM_ ):*59118*

Guadalupe Rodriguez ( _Entrega de Documentos y Titulaci贸n Odonto_ ):*59245*

Claudia Sanchez (_Coordinaci贸n DAE.- Titulaci贸n UVM_): *59243*
            [preview_url] => 1
        )

)
Array
(
    [messaging_product] => whatsapp
    [recipient_type] => individual
    [to] => 5212851084378
    [type] => text
    [text] => Array
        (
            [body] => Gracias , quedamos en espera.
            [preview_url] => 1
        )

)
Array
(
    [messaging_product] => whatsapp
    [recipient_type] => individual
    [to] => 5212291520526
    [type] => text
    [text] => Array
        (
            [body] => nosotros estamos en el area de control escolar , donde tramitamos los documentos, en este caso, solo en tema de tener toda la documentacion y en este caso la foto lista para el certificado, si necesitamos nos la pueda hacer llegar como se indica en el mensaje, temas de cobranza o academico si seria con otras areas.
            [preview_url] => 1
        )

)
Array
(
    [messaging_product] => whatsapp
    [recipient_type] => individual
    [to] => 5212293455529
    [type] => document
    [document] => Array
        (
            [link] => https://wp.programador.uno/archivos/FOTOGRAFIA_DIGITAL_CERTIFICADO.pdf
            [filename] => Caracter铆sticas de Foto
        )

)
Array
(
    [messaging_product] => whatsapp
    [recipient_type] => individual
    [to] => 5212292814234
    [type] => document
    [document] => Array
        (
            [link] => https://wp.programador.uno/archivos/FOTOGRAFIA_DIGITAL_CERTIFICADO.pdf
            [filename] => Caracter铆sticas de Foto
        )

)
Array
(
    [messaging_product] => whatsapp
    [recipient_type] => individual
    [to] => 5219381337991
    [type] => document
    [document] => Array
        (
            [link] => https://wp.programador.uno/archivos/FOTOGRAFIA_DIGITAL_CERTIFICADO.pdf
            [filename] => Caracter铆sticas de Foto
        )

)
Array
(
    [messaging_product] => whatsapp
    [recipient_type] => individual
    [to] => 5212284041327
    [type] => document
    [document] => Array
        (
            [link] => https://wp.programador.uno/archivos/FOTOGRAFIA_DIGITAL_CERTIFICADO.pdf
            [filename] => Caracter铆sticas de Foto
        )

)
Array
(
    [messaging_product] => whatsapp
    [recipient_type] => individual
    [to] => 5219381337991
    [type] => text
    [text] => Array
        (
            [body] => Si tienes alguna duda por favor m谩ndanos un correo 锔 a :

*Mandar Fotos Certificado MEDICINA*
maria.montes@uvmnet.edu


*Temas Generales Direcci贸n de Administraci贸n Escolar*
dae.veracruz@uvmnet.edu
            [preview_url] => 1
        )

)
Array
(
    [messaging_product] => whatsapp
    [recipient_type] => individual
    [to] => 5219381337991
    [type] => text
    [text] => Array
        (
            [body] => Nuestro tel茅fono 锔 es *229-923-62-90*

Extensi贸n: 

Maria Gabriela ( _Entrega de Documentos, Fotografias Certificado UNAM_ ):*59118*

Guadalupe Rodriguez ( _Entrega de Documentos y Titulaci贸n Odonto_ ):*59245*

Claudia Sanchez (_Coordinaci贸n DAE.- Titulaci贸n UVM_): *59243*
            [preview_url] => 1
        )

)
Array
(
    [messaging_product] => whatsapp
    [recipient_type] => individual
    [to] => 5212961157299
    [type] => document
    [document] => Array
        (
            [link] => https://wp.programador.uno/archivos/FOTOGRAFIA_DIGITAL_CERTIFICADO.pdf
            [filename] => Caracter铆sticas de Foto
        )

)
Array
(
    [messaging_product] => whatsapp
    [recipient_type] => individual
    [to] => 5212281265416
    [type] => document
    [document] => Array
        (
            [link] => https://wp.programador.uno/archivos/FOTOGRAFIA_DIGITAL_CERTIFICADO.pdf
            [filename] => Caracter铆sticas de Foto
        )

)
Array
(
    [messaging_product] => whatsapp
    [recipient_type] => individual
    [to] => 5215519489627
    [type] => document
    [document] => Array
        (
            [link] => https://wp.programador.uno/archivos/FOTOGRAFIA_DIGITAL_CERTIFICADO.pdf
            [filename] => Caracter铆sticas de Foto
        )

)
Array
(
    [messaging_product] => whatsapp
    [recipient_type] => individual
    [to] => 5215519489627
    [type] => text
    [text] => Array
        (
            [body] => Nuestro tel茅fono 锔 es *229-923-62-90*

Extensi贸n: 

Maria Gabriela ( _Entrega de Documentos, Fotografias Certificado UNAM_ ):*59118*

Guadalupe Rodriguez ( _Entrega de Documentos y Titulaci贸n Odonto_ ):*59245*

Claudia Sanchez (_Coordinaci贸n DAE.- Titulaci贸n UVM_): *59243*
            [preview_url] => 1
        )

)
Array
(
    [messaging_product] => whatsapp
    [recipient_type] => individual
    [to] => 5215519489627
    [type] => text
    [text] => Array
        (
            [body] => Si tienes alguna duda por favor m谩ndanos un correo 锔 a :

*Mandar Fotos Certificado MEDICINA*
maria.montes@uvmnet.edu


*Temas Generales Direcci贸n de Administraci贸n Escolar*
dae.veracruz@uvmnet.edu
            [preview_url] => 1
        )

)
Array
(
    [messaging_product] => whatsapp
    [recipient_type] => individual
    [to] => 5212291778827
    [type] => text
    [text] => Array
        (
            [body] => Estamos para servirle 火
            [preview_url] => 1
        )

)
Array
(
    [messaging_product] => whatsapp
    [recipient_type] => individual
    [to] => 5212461713706
    [type] => text
    [text] => Array
        (
            [body] => Estamos para servirle 火
            [preview_url] => 1
        )

)
Array
(
    [messaging_product] => whatsapp
    [recipient_type] => individual
    [to] => 5212291686944
    [type] => text
    [text] => Array
        (
            [body] => 
            [preview_url] => 1
        )

)
Array
(
    [messaging_product] => whatsapp
    [recipient_type] => individual
    [to] => 5212291285175
    [type] => text
    [text] => Array
        (
            [body] => Gracias , quitaremos este n煤mero del registro. Una disculpa
            [preview_url] => 1
        )

)
Array
(
    [messaging_product] => whatsapp
    [recipient_type] => individual
    [to] => 5219212710925
    [type] => text
    [text] => Array
        (
            [body] => Si tienes alguna duda por favor m谩ndanos un correo 锔 a :

*Mandar Fotos Certificado MEDICINA*
maria.montes@uvmnet.edu


*Temas Generales Direcci贸n de Administraci贸n Escolar*
dae.veracruz@uvmnet.edu
            [preview_url] => 1
        )

)
Array
(
    [messaging_product] => whatsapp
    [recipient_type] => individual
    [to] => 5219212710925
    [type] => text
    [text] => Array
        (
            [body] => Si termina en diciembre podr铆amos esperar al 30 de agosto, pero si es importante pueda entregar la foto para que ya tengamos todo listo pqra tramitar el certificado
            [preview_url] => 1
        )

)
Array
(
    [messaging_product] => whatsapp
    [recipient_type] => individual
    [to] => 5212961023969
    [type] => document
    [document] => Array
        (
            [link] => https://wp.programador.uno/archivos/FOTOGRAFIA_DIGITAL_CERTIFICADO.pdf
            [filename] => Caracter铆sticas de Foto
        )

)
Array
(
    [messaging_product] => whatsapp
    [recipient_type] => individual
    [to] => 5212291778827
    [type] => document
    [document] => Array
        (
            [link] => https://wp.programador.uno/archivos/FOTOGRAFIA_DIGITAL_CERTIFICADO.pdf
            [filename] => Caracter铆sticas de Foto
        )

)
Array
(
    [messaging_product] => whatsapp
    [recipient_type] => individual
    [to] => 5212291520526
    [type] => text
    [text] => Array
        (
            [body] => por favor mandarle la informacion para que nos pueda entregar la foto y asi no demorar en el tramite de certificado cuando termine el internado 
            [preview_url] => 1
        )

)
Array
(
    [messaging_product] => whatsapp
    [recipient_type] => individual
    [to] => 5212291520526
    [type] => text
    [text] => Array
        (
            [body] => Estamos para servirle 火
            [preview_url] => 1
        )

)
Array
(
    [messaging_product] => whatsapp
    [recipient_type] => individual
    [to] => 5212291520526
    [type] => text
    [text] => Array
        (
            [body] => Si tienes alguna duda por favor m谩ndanos un correo 锔 a :

*Mandar Fotos Certificado MEDICINA*
maria.montes@uvmnet.edu


*Temas Generales Direcci贸n de Administraci贸n Escolar*
dae.veracruz@uvmnet.edu
            [preview_url] => 1
        )

)
Array
(
    [messaging_product] => whatsapp
    [recipient_type] => individual
    [to] => 5212291520526
    [type] => document
    [document] => Array
        (
            [link] => https://wp.programador.uno/archivos/FOTOGRAFIA_DIGITAL_CERTIFICADO.pdf
            [filename] => Caracter铆sticas de Foto
        )

)
Array
(
    [messaging_product] => whatsapp
    [recipient_type] => individual
    [to] => 5212291520526
    [type] => text
    [text] => Array
        (
            [body] => Nuestro tel茅fono 锔 es *229-923-62-90*

Extensi贸n: 

Maria Gabriela ( _Entrega de Documentos, Fotografias Certificado UNAM_ ):*59118*

Guadalupe Rodriguez ( _Entrega de Documentos y Titulaci贸n Odonto_ ):*59245*

Claudia Sanchez (_Coordinaci贸n DAE.- Titulaci贸n UVM_): *59243*
            [preview_url] => 1
        )

)
Array
(
    [messaging_product] => whatsapp
    [recipient_type] => individual
    [to] => 5212291686944
    [type] => text
    [text] => Array
        (
            [body] => 
            [preview_url] => 1
        )

)
Array
(
    [messaging_product] => whatsapp
    [recipient_type] => individual
    [to] => 5212291348579
    [type] => text
    [text] => Array
        (
            [body] => Si tienes alguna duda por favor m谩ndanos un correo 锔 a :

*Mandar Fotos Certificado MEDICINA*
maria.montes@uvmnet.edu


*Temas Generales Direcci贸n de Administraci贸n Escolar*
dae.veracruz@uvmnet.edu
            [preview_url] => 1
        )

)
Array
(
    [messaging_product] => whatsapp
    [recipient_type] => individual
    [to] => 5212291348579
    [type] => text
    [text] => Array
        (
            [body] => Estamos para servirle 火
            [preview_url] => 1
        )

)
Array
(
    [messaging_product] => whatsapp
    [recipient_type] => individual
    [to] => 5212291778827
    [type] => text
    [text] => Array
        (
            [body] => Si tienes alguna duda por favor m谩ndanos un correo 锔 a :

*Mandar Fotos Certificado MEDICINA*
maria.montes@uvmnet.edu


*Temas Generales Direcci贸n de Administraci贸n Escolar*
dae.veracruz@uvmnet.edu
            [preview_url] => 1
        )

)
Array
(
    [messaging_product] => whatsapp
    [recipient_type] => individual
    [to] => 5212291778827
    [type] => text
    [text] => Array
        (
            [body] => Nuestro tel茅fono 锔 es *229-923-62-90*

Extensi贸n: 

Maria Gabriela ( _Entrega de Documentos, Fotografias Certificado UNAM_ ):*59118*

Guadalupe Rodriguez ( _Entrega de Documentos y Titulaci贸n Odonto_ ):*59245*

Claudia Sanchez (_Coordinaci贸n DAE.- Titulaci贸n UVM_): *59243*
            [preview_url] => 1
        )

)
Array
(
    [messaging_product] => whatsapp
    [recipient_type] => individual
    [to] => 5212293438270
    [type] => document
    [document] => Array
        (
            [link] => https://wp.programador.uno/archivos/FOTOGRAFIA_DIGITAL_CERTIFICADO.pdf
            [filename] => Caracter铆sticas de Foto
        )

)
Array
(
    [messaging_product] => whatsapp
    [recipient_type] => individual
    [to] => 5212291297921
    [type] => text
    [text] => Array
        (
            [body] => gracias por la aclaraci贸n, eliminaremos este numero de la BD. una disculpa
            [preview_url] => 1
        )

)
Array
(
    [messaging_product] => whatsapp
    [recipient_type] => individual
    [to] => 5212845511463
    [type] => document
    [document] => Array
        (
            [link] => https://wp.programador.uno/archivos/FOTOGRAFIA_DIGITAL_CERTIFICADO.pdf
            [filename] => Caracter铆sticas de Foto
        )

)
Array
(
    [messaging_product] => whatsapp
    [recipient_type] => individual
    [to] => 5212293931548
    [type] => text
    [text] => Array
        (
            [body] => Si tienes alguna duda por favor m谩ndanos un correo 锔 a :

*Mandar Fotos Certificado MEDICINA*
maria.montes@uvmnet.edu


*Temas Generales Direcci贸n de Administraci贸n Escolar*
dae.veracruz@uvmnet.edu
            [preview_url] => 1
        )

)
Array
(
    [messaging_product] => whatsapp
    [recipient_type] => individual
    [to] => 5212291441217
    [type] => text
    [text] => Array
        (
            [body] => Si tienes alguna duda por favor m谩ndanos un correo 锔 a :

*Mandar Fotos Certificado MEDICINA*
maria.montes@uvmnet.edu


*Temas Generales Direcci贸n de Administraci贸n Escolar*
dae.veracruz@uvmnet.edu
            [preview_url] => 1
        )

)
Array
(
    [messaging_product] => whatsapp
    [recipient_type] => individual
    [to] => 5217661004814
    [type] => text
    [text] => Array
        (
            [body] => hola buenas tardes, me comparte su numero de matricula , nombre y carrera por favor?
            [preview_url] => 1
        )

)
Array
(
    [messaging_product] => whatsapp
    [recipient_type] => individual
    [to] => 5217661004814
    [type] => text
    [text] => Array
        (
            [body] => Estamos para servirle 火
            [preview_url] => 1
        )

)
Array
(
    [messaging_product] => whatsapp
    [recipient_type] => individual
    [to] => 5217661004814
    [type] => text
    [text] => Array
        (
            [body] => Enterado, muchas gracias
            [preview_url] => 1
        )

)
Array
(
    [messaging_product] => whatsapp
    [recipient_type] => individual
    [to] => 5212291686944
    [type] => text
    [text] => Array
        (
            [body] => 
            [preview_url] => 1
        )

)
Array
(
    [messaging_product] => whatsapp
    [recipient_type] => individual
    [to] => 5212292880886
    [type] => text
    [text] => Array
        (
            [body] => Hola, como estas, en qu茅 te puedo apoyar hoy ?拣
            [preview_url] => 1
        )

)
Array
(
    [messaging_product] => whatsapp
    [recipient_type] => individual
    [to] => 5212291686944
    [type] => text
    [text] => Array
        (
            [body] => 
            [preview_url] => 1
        )

)
Array
(
    [messaging_product] => whatsapp
    [recipient_type] => individual
    [to] => 5212292038890
    [type] => text
    [text] => Array
        (
            [body] => Buen d铆a, debe de entregarla de manera fisica por favor de lunes a viernes de 9 a 14 o de 16 a 19 . Tambien sabados de 9 a 14
            [preview_url] => 1
        )

)
Array
(
    [messaging_product] => whatsapp
    [recipient_type] => individual
    [to] => 5212292880886
    [type] => text
    [text] => Array
        (
            [body] => 
            [preview_url] => 1
        )

)
