{
    "id": 1952,
    "fb_message_id": "wamid.HBgNNTIxMjI5Mjg4MDg4NhUCABIYIDE2QkFCNjJGOEVGNDhCQzRGRjIyOEQ1Njg4OEMzNjgyAA==",
    "contact_id": 172,
    "company_id": 1,
    "header_text": "",
    "footer_text": "",
    "header_image": "",
    "header_video": "",
    "header_location": "",
    "header_document": "",
    "buttons": "[]",
    "value": "Ff",
    "error": "",
    "is_campign_messages": 0,
    "is_message_by_contact": 1,
    "message_type": 1,
    "status": 1,
    "created_at": "2024-07-14T16:49:36.000000Z",
    "updated_at": "2024-07-14T16:49:36.000000Z",
    "scchuduled_at": null,
    "components": "",
    "campaign_id": null,
    "header_audio": "",
    "bot_has_replied": 0,
    "ai_bot_has_replied": 0
}{
    "id": 1953,
    "fb_message_id": "wamid.HBgNNTIxMjI5Mjg4MDg4NhUCABIYIEVCRTEyQTgyM0ExOEUyRUUwNTVCRkZGNENCRUNDNUM0AA==",
    "contact_id": 172,
    "company_id": 1,
    "header_text": "",
    "footer_text": "",
    "header_image": "",
    "header_video": "",
    "header_location": "",
    "header_document": "",
    "buttons": "[]",
    "value": "H",
    "error": "",
    "is_campign_messages": 0,
    "is_message_by_contact": 1,
    "message_type": 1,
    "status": 1,
    "created_at": "2024-07-14T17:25:26.000000Z",
    "updated_at": "2024-07-14T17:25:26.000000Z",
    "scchuduled_at": null,
    "components": "",
    "campaign_id": null,
    "header_audio": "",
    "bot_has_replied": 0,
    "ai_bot_has_replied": 0
}{
    "id": 1955,
    "fb_message_id": "wamid.HBgNNTIxMjI5Mjg4MDg4NhUCABEYEjQ3QzM4OThCMUI5RTg4NTc0NwA=",
    "contact_id": 172,
    "company_id": 1,
    "header_text": "",
    "footer_text": "",
    "header_image": "",
    "header_video": "",
    "header_location": "",
    "header_document": "",
    "buttons": "[]",
    "value": "\ud83d\ude1c",
    "error": "",
    "is_campign_messages": 0,
    "is_message_by_contact": 0,
    "message_type": 1,
    "status": 4,
    "created_at": "2024-07-14T17:28:23.000000Z",
    "updated_at": "2024-07-14T17:28:27.000000Z",
    "scchuduled_at": null,
    "components": "",
    "campaign_id": null,
    "header_audio": "",
    "bot_has_replied": 0,
    "ai_bot_has_replied": 0
}{
    "id": 1956,
    "fb_message_id": "wamid.HBgNNTIxMjI5Mjg4MDg4NhUCABIYIDlFNDkzN0I4M0I4NEFDQjU3ODgyNTRGQkM5MjdEN0I1AA==",
    "contact_id": 172,
    "company_id": 1,
    "header_text": "",
    "footer_text": "",
    "header_image": "",
    "header_video": "",
    "header_location": "",
    "header_document": "",
    "buttons": "[]",
    "value": "J",
    "error": "",
    "is_campign_messages": 0,
    "is_message_by_contact": 1,
    "message_type": 1,
    "status": 1,
    "created_at": "2024-07-14T17:28:45.000000Z",
    "updated_at": "2024-07-14T17:28:45.000000Z",
    "scchuduled_at": null,
    "components": "",
    "campaign_id": null,
    "header_audio": "",
    "bot_has_replied": 0,
    "ai_bot_has_replied": 0
}{
    "id": 1958,
    "fb_message_id": "wamid.HBgNNTIxMjI5Mjg4MDg4NhUCABIYIEFDRkYxM0M0MjQ5RjYzMEU4OUQwMDRENUY5NEFENTY2AA==",
    "contact_id": 172,
    "company_id": 1,
    "header_text": "",
    "footer_text": "",
    "header_image": "",
    "header_video": "",
    "header_location": "",
    "header_document": "",
    "buttons": "[]",
    "value": "Creonquenya",
    "error": "",
    "is_campign_messages": 0,
    "is_message_by_contact": 1,
    "message_type": 1,
    "status": 1,
    "created_at": "2024-07-14T17:30:04.000000Z",
    "updated_at": "2024-07-14T17:30:04.000000Z",
    "scchuduled_at": null,
    "components": "",
    "campaign_id": null,
    "header_audio": "",
    "bot_has_replied": 0,
    "ai_bot_has_replied": 0
}{
    "id": 1957,
    "fb_message_id": "wamid.HBgNNTIxMjI5Mjg4MDg4NhUCABIYIEJBODNEN0YxN0IyNDI2QTg3MjNGRTgwRjczMEM5QUFBAA==",
    "contact_id": 172,
    "company_id": 1,
    "header_text": "",
    "footer_text": "",
    "header_image": "",
    "header_video": "",
    "header_location": "",
    "header_document": "",
    "buttons": "[]",
    "value": "Entonces bien",
    "error": "",
    "is_campign_messages": 0,
    "is_message_by_contact": 1,
    "message_type": 1,
    "status": 1,
    "created_at": "2024-07-14T17:30:04.000000Z",
    "updated_at": "2024-07-14T17:30:04.000000Z",
    "scchuduled_at": null,
    "components": "",
    "campaign_id": null,
    "header_audio": "",
    "bot_has_replied": 0,
    "ai_bot_has_replied": 0
}